<?xml version="1.0" encoding="UTF-8"?>
<testsuite name="test.java.ModeloTest" tests="14" skipped="0" failures="7" errors="0" timestamp="2017-06-09T03:54:23" hostname="DESKTOP-RGRFO9P" time="1.191">
  <properties/>
  <testcase name="testAtras" classname="test.java.ModeloTest" time="0.279">
    <failure message="java.lang.AssertionError: Not yet implemented" type="java.lang.AssertionError">java.lang.AssertionError: Not yet implemented
	at org.junit.Assert.fail(Assert.java:88)
	at test.java.ModeloTest.testAtras(ModeloTest.java:109)
	at sun.reflect.NativeMethodAccessorImpl.invoke0(Native Method)
	at sun.reflect.NativeMethodAccessorImpl.invoke(NativeMethodAccessorImpl.java:62)
	at sun.reflect.DelegatingMethodAccessorImpl.invoke(DelegatingMethodAccessorImpl.java:43)
	at java.lang.reflect.Method.invoke(Method.java:498)
	at org.junit.runners.model.FrameworkMethod$1.runReflectiveCall(FrameworkMethod.java:50)
	at org.junit.internal.runners.model.ReflectiveCallable.run(ReflectiveCallable.java:12)
	at org.junit.runners.model.FrameworkMethod.invokeExplosively(FrameworkMethod.java:47)
	at org.junit.internal.runners.statements.InvokeMethod.evaluate(InvokeMethod.java:17)
	at org.junit.internal.runners.statements.RunBefores.evaluate(RunBefores.java:26)
	at org.junit.runners.ParentRunner.runLeaf(ParentRunner.java:325)
	at org.junit.runners.BlockJUnit4ClassRunner.runChild(BlockJUnit4ClassRunner.java:78)
	at org.junit.runners.BlockJUnit4ClassRunner.runChild(BlockJUnit4ClassRunner.java:57)
	at org.junit.runners.ParentRunner$3.run(ParentRunner.java:290)
	at org.junit.runners.ParentRunner$1.schedule(ParentRunner.java:71)
	at org.junit.runners.ParentRunner.runChildren(ParentRunner.java:288)
	at org.junit.runners.ParentRunner.access$000(ParentRunner.java:58)
	at org.junit.runners.ParentRunner$2.evaluate(ParentRunner.java:268)
	at org.junit.runners.ParentRunner.run(ParentRunner.java:363)
	at org.gradle.api.internal.tasks.testing.junit.JUnitTestClassExecuter.runTestClass(JUnitTestClassExecuter.java:114)
	at org.gradle.api.internal.tasks.testing.junit.JUnitTestClassExecuter.execute(JUnitTestClassExecuter.java:57)
	at org.gradle.api.internal.tasks.testing.junit.JUnitTestClassProcessor.processTestClass(JUnitTestClassProcessor.java:66)
	at org.gradle.api.internal.tasks.testing.SuiteTestClassProcessor.processTestClass(SuiteTestClassProcessor.java:51)
	at sun.reflect.NativeMethodAccessorImpl.invoke0(Native Method)
	at sun.reflect.NativeMethodAccessorImpl.invoke(NativeMethodAccessorImpl.java:62)
	at sun.reflect.DelegatingMethodAccessorImpl.invoke(DelegatingMethodAccessorImpl.java:43)
	at java.lang.reflect.Method.invoke(Method.java:498)
	at org.gradle.internal.dispatch.ReflectionDispatch.dispatch(ReflectionDispatch.java:35)
	at org.gradle.internal.dispatch.ReflectionDispatch.dispatch(ReflectionDispatch.java:24)
	at org.gradle.internal.dispatch.ContextClassLoaderDispatch.dispatch(ContextClassLoaderDispatch.java:32)
	at org.gradle.internal.dispatch.ProxyDispatchAdapter$DispatchingInvocationHandler.invoke(ProxyDispatchAdapter.java:93)
	at com.sun.proxy.$Proxy2.processTestClass(Unknown Source)
	at org.gradle.api.internal.tasks.testing.worker.TestWorker.processTestClass(TestWorker.java:109)
	at sun.reflect.NativeMethodAccessorImpl.invoke0(Native Method)
	at sun.reflect.NativeMethodAccessorImpl.invoke(NativeMethodAccessorImpl.java:62)
	at sun.reflect.DelegatingMethodAccessorImpl.invoke(DelegatingMethodAccessorImpl.java:43)
	at java.lang.reflect.Method.invoke(Method.java:498)
	at org.gradle.internal.dispatch.ReflectionDispatch.dispatch(ReflectionDispatch.java:35)
	at org.gradle.internal.dispatch.ReflectionDispatch.dispatch(ReflectionDispatch.java:24)
	at org.gradle.internal.remote.internal.hub.MessageHubBackedObjectConnection$DispatchWrapper.dispatch(MessageHubBackedObjectConnection.java:147)
	at org.gradle.internal.remote.internal.hub.MessageHubBackedObjectConnection$DispatchWrapper.dispatch(MessageHubBackedObjectConnection.java:129)
	at org.gradle.internal.remote.internal.hub.MessageHub$Handler.run(MessageHub.java:404)
	at org.gradle.internal.concurrent.ExecutorPolicy$CatchAndRecordFailures.onExecute(ExecutorPolicy.java:63)
	at org.gradle.internal.concurrent.StoppableExecutorImpl$1.run(StoppableExecutorImpl.java:46)
	at java.util.concurrent.ThreadPoolExecutor.runWorker(ThreadPoolExecutor.java:1142)
	at java.util.concurrent.ThreadPoolExecutor$Worker.run(ThreadPoolExecutor.java:617)
	at java.lang.Thread.run(Thread.java:745)
</failure>
  </testcase>
  <testcase name="testPause" classname="test.java.ModeloTest" time="0.016"/>
  <testcase name="testSeleccioncarpeta" classname="test.java.ModeloTest" time="0.016">
    <failure message="java.lang.AssertionError: Not yet implemented" type="java.lang.AssertionError">java.lang.AssertionError: Not yet implemented
	at org.junit.Assert.fail(Assert.java:88)
	at test.java.ModeloTest.testSeleccioncarpeta(ModeloTest.java:125)
	at sun.reflect.NativeMethodAccessorImpl.invoke0(Native Method)
	at sun.reflect.NativeMethodAccessorImpl.invoke(NativeMethodAccessorImpl.java:62)
	at sun.reflect.DelegatingMethodAccessorImpl.invoke(DelegatingMethodAccessorImpl.java:43)
	at java.lang.reflect.Method.invoke(Method.java:498)
	at org.junit.runners.model.FrameworkMethod$1.runReflectiveCall(FrameworkMethod.java:50)
	at org.junit.internal.runners.model.ReflectiveCallable.run(ReflectiveCallable.java:12)
	at org.junit.runners.model.FrameworkMethod.invokeExplosively(FrameworkMethod.java:47)
	at org.junit.internal.runners.statements.InvokeMethod.evaluate(InvokeMethod.java:17)
	at org.junit.internal.runners.statements.RunBefores.evaluate(RunBefores.java:26)
	at org.junit.runners.ParentRunner.runLeaf(ParentRunner.java:325)
	at org.junit.runners.BlockJUnit4ClassRunner.runChild(BlockJUnit4ClassRunner.java:78)
	at org.junit.runners.BlockJUnit4ClassRunner.runChild(BlockJUnit4ClassRunner.java:57)
	at org.junit.runners.ParentRunner$3.run(ParentRunner.java:290)
	at org.junit.runners.ParentRunner$1.schedule(ParentRunner.java:71)
	at org.junit.runners.ParentRunner.runChildren(ParentRunner.java:288)
	at org.junit.runners.ParentRunner.access$000(ParentRunner.java:58)
	at org.junit.runners.ParentRunner$2.evaluate(ParentRunner.java:268)
	at org.junit.runners.ParentRunner.run(ParentRunner.java:363)
	at org.gradle.api.internal.tasks.testing.junit.JUnitTestClassExecuter.runTestClass(JUnitTestClassExecuter.java:114)
	at org.gradle.api.internal.tasks.testing.junit.JUnitTestClassExecuter.execute(JUnitTestClassExecuter.java:57)
	at org.gradle.api.internal.tasks.testing.junit.JUnitTestClassProcessor.processTestClass(JUnitTestClassProcessor.java:66)
	at org.gradle.api.internal.tasks.testing.SuiteTestClassProcessor.processTestClass(SuiteTestClassProcessor.java:51)
	at sun.reflect.NativeMethodAccessorImpl.invoke0(Native Method)
	at sun.reflect.NativeMethodAccessorImpl.invoke(NativeMethodAccessorImpl.java:62)
	at sun.reflect.DelegatingMethodAccessorImpl.invoke(DelegatingMethodAccessorImpl.java:43)
	at java.lang.reflect.Method.invoke(Method.java:498)
	at org.gradle.internal.dispatch.ReflectionDispatch.dispatch(ReflectionDispatch.java:35)
	at org.gradle.internal.dispatch.ReflectionDispatch.dispatch(ReflectionDispatch.java:24)
	at org.gradle.internal.dispatch.ContextClassLoaderDispatch.dispatch(ContextClassLoaderDispatch.java:32)
	at org.gradle.internal.dispatch.ProxyDispatchAdapter$DispatchingInvocationHandler.invoke(ProxyDispatchAdapter.java:93)
	at com.sun.proxy.$Proxy2.processTestClass(Unknown Source)
	at org.gradle.api.internal.tasks.testing.worker.TestWorker.processTestClass(TestWorker.java:109)
	at sun.reflect.NativeMethodAccessorImpl.invoke0(Native Method)
	at sun.reflect.NativeMethodAccessorImpl.invoke(NativeMethodAccessorImpl.java:62)
	at sun.reflect.DelegatingMethodAccessorImpl.invoke(DelegatingMethodAccessorImpl.java:43)
	at java.lang.reflect.Method.invoke(Method.java:498)
	at org.gradle.internal.dispatch.ReflectionDispatch.dispatch(ReflectionDispatch.java:35)
	at org.gradle.internal.dispatch.ReflectionDispatch.dispatch(ReflectionDispatch.java:24)
	at org.gradle.internal.remote.internal.hub.MessageHubBackedObjectConnection$DispatchWrapper.dispatch(MessageHubBackedObjectConnection.java:147)
	at org.gradle.internal.remote.internal.hub.MessageHubBackedObjectConnection$DispatchWrapper.dispatch(MessageHubBackedObjectConnection.java:129)
	at org.gradle.internal.remote.internal.hub.MessageHub$Handler.run(MessageHub.java:404)
	at org.gradle.internal.concurrent.ExecutorPolicy$CatchAndRecordFailures.onExecute(ExecutorPolicy.java:63)
	at org.gradle.internal.concurrent.StoppableExecutorImpl$1.run(StoppableExecutorImpl.java:46)
	at java.util.concurrent.ThreadPoolExecutor.runWorker(ThreadPoolExecutor.java:1142)
	at java.util.concurrent.ThreadPoolExecutor$Worker.run(ThreadPoolExecutor.java:617)
	at java.lang.Thread.run(Thread.java:745)
</failure>
  </testcase>
  <testcase name="testPlay" classname="test.java.ModeloTest" time="0.093"/>
  <testcase name="testStop" classname="test.java.ModeloTest" time="0.094"/>
  <testcase name="testAdelanterep" classname="test.java.ModeloTest" time="0.059">
    <failure message="java.lang.AssertionError: Not yet implemented" type="java.lang.AssertionError">java.lang.AssertionError: Not yet implemented
	at org.junit.Assert.fail(Assert.java:88)
	at test.java.ModeloTest.testAdelanterep(ModeloTest.java:146)
	at sun.reflect.NativeMethodAccessorImpl.invoke0(Native Method)
	at sun.reflect.NativeMethodAccessorImpl.invoke(NativeMethodAccessorImpl.java:62)
	at sun.reflect.DelegatingMethodAccessorImpl.invoke(DelegatingMethodAccessorImpl.java:43)
	at java.lang.reflect.Method.invoke(Method.java:498)
	at org.junit.runners.model.FrameworkMethod$1.runReflectiveCall(FrameworkMethod.java:50)
	at org.junit.internal.runners.model.ReflectiveCallable.run(ReflectiveCallable.java:12)
	at org.junit.runners.model.FrameworkMethod.invokeExplosively(FrameworkMethod.java:47)
	at org.junit.internal.runners.statements.InvokeMethod.evaluate(InvokeMethod.java:17)
	at org.junit.internal.runners.statements.RunBefores.evaluate(RunBefores.java:26)
	at org.junit.runners.ParentRunner.runLeaf(ParentRunner.java:325)
	at org.junit.runners.BlockJUnit4ClassRunner.runChild(BlockJUnit4ClassRunner.java:78)
	at org.junit.runners.BlockJUnit4ClassRunner.runChild(BlockJUnit4ClassRunner.java:57)
	at org.junit.runners.ParentRunner$3.run(ParentRunner.java:290)
	at org.junit.runners.ParentRunner$1.schedule(ParentRunner.java:71)
	at org.junit.runners.ParentRunner.runChildren(ParentRunner.java:288)
	at org.junit.runners.ParentRunner.access$000(ParentRunner.java:58)
	at org.junit.runners.ParentRunner$2.evaluate(ParentRunner.java:268)
	at org.junit.runners.ParentRunner.run(ParentRunner.java:363)
	at org.gradle.api.internal.tasks.testing.junit.JUnitTestClassExecuter.runTestClass(JUnitTestClassExecuter.java:114)
	at org.gradle.api.internal.tasks.testing.junit.JUnitTestClassExecuter.execute(JUnitTestClassExecuter.java:57)
	at org.gradle.api.internal.tasks.testing.junit.JUnitTestClassProcessor.processTestClass(JUnitTestClassProcessor.java:66)
	at org.gradle.api.internal.tasks.testing.SuiteTestClassProcessor.processTestClass(SuiteTestClassProcessor.java:51)
	at sun.reflect.NativeMethodAccessorImpl.invoke0(Native Method)
	at sun.reflect.NativeMethodAccessorImpl.invoke(NativeMethodAccessorImpl.java:62)
	at sun.reflect.DelegatingMethodAccessorImpl.invoke(DelegatingMethodAccessorImpl.java:43)
	at java.lang.reflect.Method.invoke(Method.java:498)
	at org.gradle.internal.dispatch.ReflectionDispatch.dispatch(ReflectionDispatch.java:35)
	at org.gradle.internal.dispatch.ReflectionDispatch.dispatch(ReflectionDispatch.java:24)
	at org.gradle.internal.dispatch.ContextClassLoaderDispatch.dispatch(ContextClassLoaderDispatch.java:32)
	at org.gradle.internal.dispatch.ProxyDispatchAdapter$DispatchingInvocationHandler.invoke(ProxyDispatchAdapter.java:93)
	at com.sun.proxy.$Proxy2.processTestClass(Unknown Source)
	at org.gradle.api.internal.tasks.testing.worker.TestWorker.processTestClass(TestWorker.java:109)
	at sun.reflect.NativeMethodAccessorImpl.invoke0(Native Method)
	at sun.reflect.NativeMethodAccessorImpl.invoke(NativeMethodAccessorImpl.java:62)
	at sun.reflect.DelegatingMethodAccessorImpl.invoke(DelegatingMethodAccessorImpl.java:43)
	at java.lang.reflect.Method.invoke(Method.java:498)
	at org.gradle.internal.dispatch.ReflectionDispatch.dispatch(ReflectionDispatch.java:35)
	at org.gradle.internal.dispatch.ReflectionDispatch.dispatch(ReflectionDispatch.java:24)
	at org.gradle.internal.remote.internal.hub.MessageHubBackedObjectConnection$DispatchWrapper.dispatch(MessageHubBackedObjectConnection.java:147)
	at org.gradle.internal.remote.internal.hub.MessageHubBackedObjectConnection$DispatchWrapper.dispatch(MessageHubBackedObjectConnection.java:129)
	at org.gradle.internal.remote.internal.hub.MessageHub$Handler.run(MessageHub.java:404)
	at org.gradle.internal.concurrent.ExecutorPolicy$CatchAndRecordFailures.onExecute(ExecutorPolicy.java:63)
	at org.gradle.internal.concurrent.StoppableExecutorImpl$1.run(StoppableExecutorImpl.java:46)
	at java.util.concurrent.ThreadPoolExecutor.runWorker(ThreadPoolExecutor.java:1142)
	at java.util.concurrent.ThreadPoolExecutor$Worker.run(ThreadPoolExecutor.java:617)
	at java.lang.Thread.run(Thread.java:745)
</failure>
  </testcase>
  <testcase name="testAdelante" classname="test.java.ModeloTest" time="0.057">
    <failure message="java.lang.AssertionError: Not yet implemented" type="java.lang.AssertionError">java.lang.AssertionError: Not yet implemented
	at org.junit.Assert.fail(Assert.java:88)
	at test.java.ModeloTest.testAdelante(ModeloTest.java:104)
	at sun.reflect.NativeMethodAccessorImpl.invoke0(Native Method)
	at sun.reflect.NativeMethodAccessorImpl.invoke(NativeMethodAccessorImpl.java:62)
	at sun.reflect.DelegatingMethodAccessorImpl.invoke(DelegatingMethodAccessorImpl.java:43)
	at java.lang.reflect.Method.invoke(Method.java:498)
	at org.junit.runners.model.FrameworkMethod$1.runReflectiveCall(FrameworkMethod.java:50)
	at org.junit.internal.runners.model.ReflectiveCallable.run(ReflectiveCallable.java:12)
	at org.junit.runners.model.FrameworkMethod.invokeExplosively(FrameworkMethod.java:47)
	at org.junit.internal.runners.statements.InvokeMethod.evaluate(InvokeMethod.java:17)
	at org.junit.internal.runners.statements.RunBefores.evaluate(RunBefores.java:26)
	at org.junit.runners.ParentRunner.runLeaf(ParentRunner.java:325)
	at org.junit.runners.BlockJUnit4ClassRunner.runChild(BlockJUnit4ClassRunner.java:78)
	at org.junit.runners.BlockJUnit4ClassRunner.runChild(BlockJUnit4ClassRunner.java:57)
	at org.junit.runners.ParentRunner$3.run(ParentRunner.java:290)
	at org.junit.runners.ParentRunner$1.schedule(ParentRunner.java:71)
	at org.junit.runners.ParentRunner.runChildren(ParentRunner.java:288)
	at org.junit.runners.ParentRunner.access$000(ParentRunner.java:58)
	at org.junit.runners.ParentRunner$2.evaluate(ParentRunner.java:268)
	at org.junit.runners.ParentRunner.run(ParentRunner.java:363)
	at org.gradle.api.internal.tasks.testing.junit.JUnitTestClassExecuter.runTestClass(JUnitTestClassExecuter.java:114)
	at org.gradle.api.internal.tasks.testing.junit.JUnitTestClassExecuter.execute(JUnitTestClassExecuter.java:57)
	at org.gradle.api.internal.tasks.testing.junit.JUnitTestClassProcessor.processTestClass(JUnitTestClassProcessor.java:66)
	at org.gradle.api.internal.tasks.testing.SuiteTestClassProcessor.processTestClass(SuiteTestClassProcessor.java:51)
	at sun.reflect.NativeMethodAccessorImpl.invoke0(Native Method)
	at sun.reflect.NativeMethodAccessorImpl.invoke(NativeMethodAccessorImpl.java:62)
	at sun.reflect.DelegatingMethodAccessorImpl.invoke(DelegatingMethodAccessorImpl.java:43)
	at java.lang.reflect.Method.invoke(Method.java:498)
	at org.gradle.internal.dispatch.ReflectionDispatch.dispatch(ReflectionDispatch.java:35)
	at org.gradle.internal.dispatch.ReflectionDispatch.dispatch(ReflectionDispatch.java:24)
	at org.gradle.internal.dispatch.ContextClassLoaderDispatch.dispatch(ContextClassLoaderDispatch.java:32)
	at org.gradle.internal.dispatch.ProxyDispatchAdapter$DispatchingInvocationHandler.invoke(ProxyDispatchAdapter.java:93)
	at com.sun.proxy.$Proxy2.processTestClass(Unknown Source)
	at org.gradle.api.internal.tasks.testing.worker.TestWorker.processTestClass(TestWorker.java:109)
	at sun.reflect.NativeMethodAccessorImpl.invoke0(Native Method)
	at sun.reflect.NativeMethodAccessorImpl.invoke(NativeMethodAccessorImpl.java:62)
	at sun.reflect.DelegatingMethodAccessorImpl.invoke(DelegatingMethodAccessorImpl.java:43)
	at java.lang.reflect.Method.invoke(Method.java:498)
	at org.gradle.internal.dispatch.ReflectionDispatch.dispatch(ReflectionDispatch.java:35)
	at org.gradle.internal.dispatch.ReflectionDispatch.dispatch(ReflectionDispatch.java:24)
	at org.gradle.internal.remote.internal.hub.MessageHubBackedObjectConnection$DispatchWrapper.dispatch(MessageHubBackedObjectConnection.java:147)
	at org.gradle.internal.remote.internal.hub.MessageHubBackedObjectConnection$DispatchWrapper.dispatch(MessageHubBackedObjectConnection.java:129)
	at org.gradle.internal.remote.internal.hub.MessageHub$Handler.run(MessageHub.java:404)
	at org.gradle.internal.concurrent.ExecutorPolicy$CatchAndRecordFailures.onExecute(ExecutorPolicy.java:63)
	at org.gradle.internal.concurrent.StoppableExecutorImpl$1.run(StoppableExecutorImpl.java:46)
	at java.util.concurrent.ThreadPoolExecutor.runWorker(ThreadPoolExecutor.java:1142)
	at java.util.concurrent.ThreadPoolExecutor$Worker.run(ThreadPoolExecutor.java:617)
	at java.lang.Thread.run(Thread.java:745)
</failure>
  </testcase>
  <testcase name="testAgregarLista" classname="test.java.ModeloTest" time="0.031">
    <failure message="java.lang.AssertionError: Not yet implemented" type="java.lang.AssertionError">java.lang.AssertionError: Not yet implemented
	at org.junit.Assert.fail(Assert.java:88)
	at test.java.ModeloTest.testAgregarLista(ModeloTest.java:130)
	at sun.reflect.NativeMethodAccessorImpl.invoke0(Native Method)
	at sun.reflect.NativeMethodAccessorImpl.invoke(NativeMethodAccessorImpl.java:62)
	at sun.reflect.DelegatingMethodAccessorImpl.invoke(DelegatingMethodAccessorImpl.java:43)
	at java.lang.reflect.Method.invoke(Method.java:498)
	at org.junit.runners.model.FrameworkMethod$1.runReflectiveCall(FrameworkMethod.java:50)
	at org.junit.internal.runners.model.ReflectiveCallable.run(ReflectiveCallable.java:12)
	at org.junit.runners.model.FrameworkMethod.invokeExplosively(FrameworkMethod.java:47)
	at org.junit.internal.runners.statements.InvokeMethod.evaluate(InvokeMethod.java:17)
	at org.junit.internal.runners.statements.RunBefores.evaluate(RunBefores.java:26)
	at org.junit.runners.ParentRunner.runLeaf(ParentRunner.java:325)
	at org.junit.runners.BlockJUnit4ClassRunner.runChild(BlockJUnit4ClassRunner.java:78)
	at org.junit.runners.BlockJUnit4ClassRunner.runChild(BlockJUnit4ClassRunner.java:57)
	at org.junit.runners.ParentRunner$3.run(ParentRunner.java:290)
	at org.junit.runners.ParentRunner$1.schedule(ParentRunner.java:71)
	at org.junit.runners.ParentRunner.runChildren(ParentRunner.java:288)
	at org.junit.runners.ParentRunner.access$000(ParentRunner.java:58)
	at org.junit.runners.ParentRunner$2.evaluate(ParentRunner.java:268)
	at org.junit.runners.ParentRunner.run(ParentRunner.java:363)
	at org.gradle.api.internal.tasks.testing.junit.JUnitTestClassExecuter.runTestClass(JUnitTestClassExecuter.java:114)
	at org.gradle.api.internal.tasks.testing.junit.JUnitTestClassExecuter.execute(JUnitTestClassExecuter.java:57)
	at org.gradle.api.internal.tasks.testing.junit.JUnitTestClassProcessor.processTestClass(JUnitTestClassProcessor.java:66)
	at org.gradle.api.internal.tasks.testing.SuiteTestClassProcessor.processTestClass(SuiteTestClassProcessor.java:51)
	at sun.reflect.NativeMethodAccessorImpl.invoke0(Native Method)
	at sun.reflect.NativeMethodAccessorImpl.invoke(NativeMethodAccessorImpl.java:62)
	at sun.reflect.DelegatingMethodAccessorImpl.invoke(DelegatingMethodAccessorImpl.java:43)
	at java.lang.reflect.Method.invoke(Method.java:498)
	at org.gradle.internal.dispatch.ReflectionDispatch.dispatch(ReflectionDispatch.java:35)
	at org.gradle.internal.dispatch.ReflectionDispatch.dispatch(ReflectionDispatch.java:24)
	at org.gradle.internal.dispatch.ContextClassLoaderDispatch.dispatch(ContextClassLoaderDispatch.java:32)
	at org.gradle.internal.dispatch.ProxyDispatchAdapter$DispatchingInvocationHandler.invoke(ProxyDispatchAdapter.java:93)
	at com.sun.proxy.$Proxy2.processTestClass(Unknown Source)
	at org.gradle.api.internal.tasks.testing.worker.TestWorker.processTestClass(TestWorker.java:109)
	at sun.reflect.NativeMethodAccessorImpl.invoke0(Native Method)
	at sun.reflect.NativeMethodAccessorImpl.invoke(NativeMethodAccessorImpl.java:62)
	at sun.reflect.DelegatingMethodAccessorImpl.invoke(DelegatingMethodAccessorImpl.java:43)
	at java.lang.reflect.Method.invoke(Method.java:498)
	at org.gradle.internal.dispatch.ReflectionDispatch.dispatch(ReflectionDispatch.java:35)
	at org.gradle.internal.dispatch.ReflectionDispatch.dispatch(ReflectionDispatch.java:24)
	at org.gradle.internal.remote.internal.hub.MessageHubBackedObjectConnection$DispatchWrapper.dispatch(MessageHubBackedObjectConnection.java:147)
	at org.gradle.internal.remote.internal.hub.MessageHubBackedObjectConnection$DispatchWrapper.dispatch(MessageHubBackedObjectConnection.java:129)
	at org.gradle.internal.remote.internal.hub.MessageHub$Handler.run(MessageHub.java:404)
	at org.gradle.internal.concurrent.ExecutorPolicy$CatchAndRecordFailures.onExecute(ExecutorPolicy.java:63)
	at org.gradle.internal.concurrent.StoppableExecutorImpl$1.run(StoppableExecutorImpl.java:46)
	at java.util.concurrent.ThreadPoolExecutor.runWorker(ThreadPoolExecutor.java:1142)
	at java.util.concurrent.ThreadPoolExecutor$Worker.run(ThreadPoolExecutor.java:617)
	at java.lang.Thread.run(Thread.java:745)
</failure>
  </testcase>
  <testcase name="testVolumen" classname="test.java.ModeloTest" time="0.031">
    <failure message="java.lang.AssertionError: Not yet implemented" type="java.lang.AssertionError">java.lang.AssertionError: Not yet implemented
	at org.junit.Assert.fail(Assert.java:88)
	at test.java.ModeloTest.testVolumen(ModeloTest.java:114)
	at sun.reflect.NativeMethodAccessorImpl.invoke0(Native Method)
	at sun.reflect.NativeMethodAccessorImpl.invoke(NativeMethodAccessorImpl.java:62)
	at sun.reflect.DelegatingMethodAccessorImpl.invoke(DelegatingMethodAccessorImpl.java:43)
	at java.lang.reflect.Method.invoke(Method.java:498)
	at org.junit.runners.model.FrameworkMethod$1.runReflectiveCall(FrameworkMethod.java:50)
	at org.junit.internal.runners.model.ReflectiveCallable.run(ReflectiveCallable.java:12)
	at org.junit.runners.model.FrameworkMethod.invokeExplosively(FrameworkMethod.java:47)
	at org.junit.internal.runners.statements.InvokeMethod.evaluate(InvokeMethod.java:17)
	at org.junit.internal.runners.statements.RunBefores.evaluate(RunBefores.java:26)
	at org.junit.runners.ParentRunner.runLeaf(ParentRunner.java:325)
	at org.junit.runners.BlockJUnit4ClassRunner.runChild(BlockJUnit4ClassRunner.java:78)
	at org.junit.runners.BlockJUnit4ClassRunner.runChild(BlockJUnit4ClassRunner.java:57)
	at org.junit.runners.ParentRunner$3.run(ParentRunner.java:290)
	at org.junit.runners.ParentRunner$1.schedule(ParentRunner.java:71)
	at org.junit.runners.ParentRunner.runChildren(ParentRunner.java:288)
	at org.junit.runners.ParentRunner.access$000(ParentRunner.java:58)
	at org.junit.runners.ParentRunner$2.evaluate(ParentRunner.java:268)
	at org.junit.runners.ParentRunner.run(ParentRunner.java:363)
	at org.gradle.api.internal.tasks.testing.junit.JUnitTestClassExecuter.runTestClass(JUnitTestClassExecuter.java:114)
	at org.gradle.api.internal.tasks.testing.junit.JUnitTestClassExecuter.execute(JUnitTestClassExecuter.java:57)
	at org.gradle.api.internal.tasks.testing.junit.JUnitTestClassProcessor.processTestClass(JUnitTestClassProcessor.java:66)
	at org.gradle.api.internal.tasks.testing.SuiteTestClassProcessor.processTestClass(SuiteTestClassProcessor.java:51)
	at sun.reflect.NativeMethodAccessorImpl.invoke0(Native Method)
	at sun.reflect.NativeMethodAccessorImpl.invoke(NativeMethodAccessorImpl.java:62)
	at sun.reflect.DelegatingMethodAccessorImpl.invoke(DelegatingMethodAccessorImpl.java:43)
	at java.lang.reflect.Method.invoke(Method.java:498)
	at org.gradle.internal.dispatch.ReflectionDispatch.dispatch(ReflectionDispatch.java:35)
	at org.gradle.internal.dispatch.ReflectionDispatch.dispatch(ReflectionDispatch.java:24)
	at org.gradle.internal.dispatch.ContextClassLoaderDispatch.dispatch(ContextClassLoaderDispatch.java:32)
	at org.gradle.internal.dispatch.ProxyDispatchAdapter$DispatchingInvocationHandler.invoke(ProxyDispatchAdapter.java:93)
	at com.sun.proxy.$Proxy2.processTestClass(Unknown Source)
	at org.gradle.api.internal.tasks.testing.worker.TestWorker.processTestClass(TestWorker.java:109)
	at sun.reflect.NativeMethodAccessorImpl.invoke0(Native Method)
	at sun.reflect.NativeMethodAccessorImpl.invoke(NativeMethodAccessorImpl.java:62)
	at sun.reflect.DelegatingMethodAccessorImpl.invoke(DelegatingMethodAccessorImpl.java:43)
	at java.lang.reflect.Method.invoke(Method.java:498)
	at org.gradle.internal.dispatch.ReflectionDispatch.dispatch(ReflectionDispatch.java:35)
	at org.gradle.internal.dispatch.ReflectionDispatch.dispatch(ReflectionDispatch.java:24)
	at org.gradle.internal.remote.internal.hub.MessageHubBackedObjectConnection$DispatchWrapper.dispatch(MessageHubBackedObjectConnection.java:147)
	at org.gradle.internal.remote.internal.hub.MessageHubBackedObjectConnection$DispatchWrapper.dispatch(MessageHubBackedObjectConnection.java:129)
	at org.gradle.internal.remote.internal.hub.MessageHub$Handler.run(MessageHub.java:404)
	at org.gradle.internal.concurrent.ExecutorPolicy$CatchAndRecordFailures.onExecute(ExecutorPolicy.java:63)
	at org.gradle.internal.concurrent.StoppableExecutorImpl$1.run(StoppableExecutorImpl.java:46)
	at java.util.concurrent.ThreadPoolExecutor.runWorker(ThreadPoolExecutor.java:1142)
	at java.util.concurrent.ThreadPoolExecutor$Worker.run(ThreadPoolExecutor.java:617)
	at java.lang.Thread.run(Thread.java:745)
</failure>
  </testcase>
  <testcase name="testBuscarcancion" classname="test.java.ModeloTest" time="0.016"/>
  <testcase name="testIniciarm" classname="test.java.ModeloTest" time="0.125"/>
  <testcase name="testAtrasrep" classname="test.java.ModeloTest" time="0.305">
    <failure message="java.lang.AssertionError: Not yet implemented" type="java.lang.AssertionError">java.lang.AssertionError: Not yet implemented
	at org.junit.Assert.fail(Assert.java:88)
	at test.java.ModeloTest.testAtrasrep(ModeloTest.java:151)
	at sun.reflect.NativeMethodAccessorImpl.invoke0(Native Method)
	at sun.reflect.NativeMethodAccessorImpl.invoke(NativeMethodAccessorImpl.java:62)
	at sun.reflect.DelegatingMethodAccessorImpl.invoke(DelegatingMethodAccessorImpl.java:43)
	at java.lang.reflect.Method.invoke(Method.java:498)
	at org.junit.runners.model.FrameworkMethod$1.runReflectiveCall(FrameworkMethod.java:50)
	at org.junit.internal.runners.model.ReflectiveCallable.run(ReflectiveCallable.java:12)
	at org.junit.runners.model.FrameworkMethod.invokeExplosively(FrameworkMethod.java:47)
	at org.junit.internal.runners.statements.InvokeMethod.evaluate(InvokeMethod.java:17)
	at org.junit.internal.runners.statements.RunBefores.evaluate(RunBefores.java:26)
	at org.junit.runners.ParentRunner.runLeaf(ParentRunner.java:325)
	at org.junit.runners.BlockJUnit4ClassRunner.runChild(BlockJUnit4ClassRunner.java:78)
	at org.junit.runners.BlockJUnit4ClassRunner.runChild(BlockJUnit4ClassRunner.java:57)
	at org.junit.runners.ParentRunner$3.run(ParentRunner.java:290)
	at org.junit.runners.ParentRunner$1.schedule(ParentRunner.java:71)
	at org.junit.runners.ParentRunner.runChildren(ParentRunner.java:288)
	at org.junit.runners.ParentRunner.access$000(ParentRunner.java:58)
	at org.junit.runners.ParentRunner$2.evaluate(ParentRunner.java:268)
	at org.junit.runners.ParentRunner.run(ParentRunner.java:363)
	at org.gradle.api.internal.tasks.testing.junit.JUnitTestClassExecuter.runTestClass(JUnitTestClassExecuter.java:114)
	at org.gradle.api.internal.tasks.testing.junit.JUnitTestClassExecuter.execute(JUnitTestClassExecuter.java:57)
	at org.gradle.api.internal.tasks.testing.junit.JUnitTestClassProcessor.processTestClass(JUnitTestClassProcessor.java:66)
	at org.gradle.api.internal.tasks.testing.SuiteTestClassProcessor.processTestClass(SuiteTestClassProcessor.java:51)
	at sun.reflect.NativeMethodAccessorImpl.invoke0(Native Method)
	at sun.reflect.NativeMethodAccessorImpl.invoke(NativeMethodAccessorImpl.java:62)
	at sun.reflect.DelegatingMethodAccessorImpl.invoke(DelegatingMethodAccessorImpl.java:43)
	at java.lang.reflect.Method.invoke(Method.java:498)
	at org.gradle.internal.dispatch.ReflectionDispatch.dispatch(ReflectionDispatch.java:35)
	at org.gradle.internal.dispatch.ReflectionDispatch.dispatch(ReflectionDispatch.java:24)
	at org.gradle.internal.dispatch.ContextClassLoaderDispatch.dispatch(ContextClassLoaderDispatch.java:32)
	at org.gradle.internal.dispatch.ProxyDispatchAdapter$DispatchingInvocationHandler.invoke(ProxyDispatchAdapter.java:93)
	at com.sun.proxy.$Proxy2.processTestClass(Unknown Source)
	at org.gradle.api.internal.tasks.testing.worker.TestWorker.processTestClass(TestWorker.java:109)
	at sun.reflect.NativeMethodAccessorImpl.invoke0(Native Method)
	at sun.reflect.NativeMethodAccessorImpl.invoke(NativeMethodAccessorImpl.java:62)
	at sun.reflect.DelegatingMethodAccessorImpl.invoke(DelegatingMethodAccessorImpl.java:43)
	at java.lang.reflect.Method.invoke(Method.java:498)
	at org.gradle.internal.dispatch.ReflectionDispatch.dispatch(ReflectionDispatch.java:35)
	at org.gradle.internal.dispatch.ReflectionDispatch.dispatch(ReflectionDispatch.java:24)
	at org.gradle.internal.remote.internal.hub.MessageHubBackedObjectConnection$DispatchWrapper.dispatch(MessageHubBackedObjectConnection.java:147)
	at org.gradle.internal.remote.internal.hub.MessageHubBackedObjectConnection$DispatchWrapper.dispatch(MessageHubBackedObjectConnection.java:129)
	at org.gradle.internal.remote.internal.hub.MessageHub$Handler.run(MessageHub.java:404)
	at org.gradle.internal.concurrent.ExecutorPolicy$CatchAndRecordFailures.onExecute(ExecutorPolicy.java:63)
	at org.gradle.internal.concurrent.StoppableExecutorImpl$1.run(StoppableExecutorImpl.java:46)
	at java.util.concurrent.ThreadPoolExecutor.runWorker(ThreadPoolExecutor.java:1142)
	at java.util.concurrent.ThreadPoolExecutor$Worker.run(ThreadPoolExecutor.java:617)
	at java.lang.Thread.run(Thread.java:745)
</failure>
  </testcase>
  <testcase name="testBorrar" classname="test.java.ModeloTest" time="0.034"/>
  <testcase name="testCargar" classname="test.java.ModeloTest" time="0.034"/>
  <system-out><![CDATA[]]></system-out>
  <system-err><![CDATA[Jun 09, 2017 12:54:23 AM javazoom.jlgui.basicplayer.BasicPlayer open
INFO: open(C:\Users\marti\Music\Coldplay_-_The_Scientist_RB-RcX5DS5A.mp3)
Jun 09, 2017 12:54:23 AM javazoom.jlgui.basicplayer.BasicPlayer createLine
INFO: Create Line
Jun 09, 2017 12:54:23 AM javazoom.jlgui.basicplayer.BasicPlayer createLine
INFO: Create Line : Source format : MPEG1L3 44100.0 Hz, unknown bits per sample, stereo, unknown frame size, 38.28125 frames/second, 
Jun 09, 2017 12:54:23 AM javazoom.jlgui.basicplayer.BasicPlayer createLine
INFO: Create Line : Target format: PCM_SIGNED 44100.0 Hz, 16 bit, stereo, 4 bytes/frame, little-endian
Jun 09, 2017 12:54:23 AM javazoom.jlgui.basicplayer.BasicPlayer createLine
INFO: Line : com.sun.media.sound.DirectAudioDevice$DirectSDL@3bd11ff8
Jun 09, 2017 12:54:23 AM javazoom.jlgui.basicplayer.BasicPlayer open
INFO: open(C:\Users\marti\Music\Coldplay_-_The_Scientist_RB-RcX5DS5A.mp3)
Jun 09, 2017 12:54:23 AM javazoom.jlgui.basicplayer.BasicPlayer createLine
INFO: Create Line
Jun 09, 2017 12:54:23 AM javazoom.jlgui.basicplayer.BasicPlayer createLine
INFO: Create Line : Source format : MPEG1L3 44100.0 Hz, unknown bits per sample, stereo, unknown frame size, 38.28125 frames/second, 
Jun 09, 2017 12:54:23 AM javazoom.jlgui.basicplayer.BasicPlayer createLine
INFO: Create Line : Target format: PCM_SIGNED 44100.0 Hz, 16 bit, stereo, 4 bytes/frame, little-endian
Jun 09, 2017 12:54:23 AM javazoom.jlgui.basicplayer.BasicPlayer createLine
INFO: Line : com.sun.media.sound.DirectAudioDevice$DirectSDL@23df733e
Jun 09, 2017 12:54:23 AM javazoom.jlgui.basicplayer.BasicPlayer open
INFO: open(C:\Users\marti\Music\Coldplay_-_The_Scientist_RB-RcX5DS5A.mp3)
Jun 09, 2017 12:54:23 AM javazoom.jlgui.basicplayer.BasicPlayer createLine
INFO: Create Line
Jun 09, 2017 12:54:23 AM javazoom.jlgui.basicplayer.BasicPlayer createLine
INFO: Create Line : Source format : MPEG1L3 44100.0 Hz, unknown bits per sample, stereo, unknown frame size, 38.28125 frames/second, 
Jun 09, 2017 12:54:23 AM javazoom.jlgui.basicplayer.BasicPlayer createLine
INFO: Create Line : Target format: PCM_SIGNED 44100.0 Hz, 16 bit, stereo, 4 bytes/frame, little-endian
Jun 09, 2017 12:54:23 AM javazoom.jlgui.basicplayer.BasicPlayer createLine
INFO: Line : com.sun.media.sound.DirectAudioDevice$DirectSDL@57876969
Jun 09, 2017 12:54:23 AM javazoom.jlgui.basicplayer.BasicPlayer open
INFO: open(C:\Users\marti\Music\Coldplay_-_The_Scientist_RB-RcX5DS5A.mp3)
Jun 09, 2017 12:54:23 AM javazoom.jlgui.basicplayer.BasicPlayer createLine
INFO: Create Line
Jun 09, 2017 12:54:23 AM javazoom.jlgui.basicplayer.BasicPlayer createLine
INFO: Create Line : Source format : MPEG1L3 44100.0 Hz, unknown bits per sample, stereo, unknown frame size, 38.28125 frames/second, 
Jun 09, 2017 12:54:23 AM javazoom.jlgui.basicplayer.BasicPlayer createLine
INFO: Create Line : Target format: PCM_SIGNED 44100.0 Hz, 16 bit, stereo, 4 bytes/frame, little-endian
Jun 09, 2017 12:54:23 AM javazoom.jlgui.basicplayer.BasicPlayer createLine
INFO: Line : com.sun.media.sound.DirectAudioDevice$DirectSDL@71420db1
Jun 09, 2017 12:54:23 AM javazoom.jlgui.basicplayer.BasicPlayer startPlayback
INFO: startPlayback called
Jun 09, 2017 12:54:23 AM javazoom.jlgui.basicplayer.BasicPlayer initLine
INFO: initLine()
Jun 09, 2017 12:54:23 AM javazoom.jlgui.basicplayer.BasicPlayer openLine
INFO: Open Line : BufferSize=88200
Jun 09, 2017 12:54:23 AM javazoom.jlgui.basicplayer.BasicPlayer openLine
INFO: Master Gain Control : [-80.0,6.0206] 0.625
Jun 09, 2017 12:54:23 AM javazoom.jlgui.basicplayer.BasicPlayer openLine
INFO: Pan Control : [-1.0,1.0] 0.0078125
Jun 09, 2017 12:54:23 AM javazoom.jlgui.basicplayer.BasicPlayer startPlayback
INFO: Creating new thread
Jun 09, 2017 12:54:23 AM javazoom.jlgui.basicplayer.BasicPlayer run
INFO: Thread Running
Jun 09, 2017 12:54:23 AM javazoom.jlgui.basicplayer.BasicPlayer open
INFO: open(C:\Users\marti\Music\Coldplay_-_The_Scientist_RB-RcX5DS5A.mp3)
Jun 09, 2017 12:54:23 AM javazoom.jlgui.basicplayer.BasicPlayer createLine
INFO: Create Line
Jun 09, 2017 12:54:23 AM javazoom.jlgui.basicplayer.BasicPlayer createLine
INFO: Create Line : Source format : MPEG1L3 44100.0 Hz, unknown bits per sample, stereo, unknown frame size, 38.28125 frames/second, 
Jun 09, 2017 12:54:23 AM javazoom.jlgui.basicplayer.BasicPlayer createLine
INFO: Create Line : Target format: PCM_SIGNED 44100.0 Hz, 16 bit, stereo, 4 bytes/frame, little-endian
Jun 09, 2017 12:54:23 AM javazoom.jlgui.basicplayer.BasicPlayer createLine
INFO: Line : com.sun.media.sound.DirectAudioDevice$DirectSDL@1a93ff89
Jun 09, 2017 12:54:23 AM javazoom.jlgui.basicplayer.BasicPlayer open
INFO: open(C:\Users\marti\Music\Coldplay_-_The_Scientist_RB-RcX5DS5A.mp3)
Jun 09, 2017 12:54:23 AM javazoom.jlgui.basicplayer.BasicPlayer createLine
INFO: Create Line
Jun 09, 2017 12:54:23 AM javazoom.jlgui.basicplayer.BasicPlayer createLine
INFO: Create Line : Source format : MPEG1L3 44100.0 Hz, unknown bits per sample, stereo, unknown frame size, 38.28125 frames/second, 
Jun 09, 2017 12:54:23 AM javazoom.jlgui.basicplayer.BasicPlayer createLine
INFO: Create Line : Target format: PCM_SIGNED 44100.0 Hz, 16 bit, stereo, 4 bytes/frame, little-endian
Jun 09, 2017 12:54:23 AM javazoom.jlgui.basicplayer.BasicPlayer createLine
INFO: Line : com.sun.media.sound.DirectAudioDevice$DirectSDL@3592dcb4
Jun 09, 2017 12:54:23 AM javazoom.jlgui.basicplayer.BasicPlayer open
INFO: open(C:\Users\marti\Music\Coldplay_-_The_Scientist_RB-RcX5DS5A.mp3)
Jun 09, 2017 12:54:23 AM javazoom.jlgui.basicplayer.BasicPlayer createLine
INFO: Create Line
Jun 09, 2017 12:54:23 AM javazoom.jlgui.basicplayer.BasicPlayer createLine
INFO: Create Line : Source format : MPEG1L3 44100.0 Hz, unknown bits per sample, stereo, unknown frame size, 38.28125 frames/second, 
Jun 09, 2017 12:54:23 AM javazoom.jlgui.basicplayer.BasicPlayer createLine
INFO: Create Line : Target format: PCM_SIGNED 44100.0 Hz, 16 bit, stereo, 4 bytes/frame, little-endian
Jun 09, 2017 12:54:23 AM javazoom.jlgui.basicplayer.BasicPlayer createLine
INFO: Line : com.sun.media.sound.DirectAudioDevice$DirectSDL@22c04084
Jun 09, 2017 12:54:23 AM javazoom.jlgui.basicplayer.BasicPlayer open
INFO: open(C:\Users\marti\Music\Coldplay_-_The_Scientist_RB-RcX5DS5A.mp3)
Jun 09, 2017 12:54:23 AM javazoom.jlgui.basicplayer.BasicPlayer createLine
INFO: Create Line
Jun 09, 2017 12:54:23 AM javazoom.jlgui.basicplayer.BasicPlayer createLine
INFO: Create Line : Source format : MPEG1L3 44100.0 Hz, unknown bits per sample, stereo, unknown frame size, 38.28125 frames/second, 
Jun 09, 2017 12:54:23 AM javazoom.jlgui.basicplayer.BasicPlayer createLine
INFO: Create Line : Target format: PCM_SIGNED 44100.0 Hz, 16 bit, stereo, 4 bytes/frame, little-endian
Jun 09, 2017 12:54:23 AM javazoom.jlgui.basicplayer.BasicPlayer createLine
INFO: Line : com.sun.media.sound.DirectAudioDevice$DirectSDL@3ee1c20a
Jun 09, 2017 12:54:23 AM javazoom.jlgui.basicplayer.BasicPlayer open
INFO: open(C:\Users\marti\Music\Coldplay_-_The_Scientist_RB-RcX5DS5A.mp3)
Jun 09, 2017 12:54:24 AM javazoom.jlgui.basicplayer.BasicPlayer createLine
INFO: Create Line
Jun 09, 2017 12:54:24 AM javazoom.jlgui.basicplayer.BasicPlayer createLine
INFO: Create Line : Source format : MPEG1L3 44100.0 Hz, unknown bits per sample, stereo, unknown frame size, 38.28125 frames/second, 
Jun 09, 2017 12:54:24 AM javazoom.jlgui.basicplayer.BasicPlayer createLine
INFO: Create Line : Target format: PCM_SIGNED 44100.0 Hz, 16 bit, stereo, 4 bytes/frame, little-endian
Jun 09, 2017 12:54:24 AM javazoom.jlgui.basicplayer.BasicPlayer createLine
INFO: Line : com.sun.media.sound.DirectAudioDevice$DirectSDL@79fe4c0c
Jun 09, 2017 12:54:24 AM javazoom.jlgui.basicplayer.BasicPlayer open
INFO: open(C:\Users\marti\Music\Coldplay_-_The_Scientist_RB-RcX5DS5A.mp3)
Jun 09, 2017 12:54:24 AM javazoom.jlgui.basicplayer.BasicPlayer createLine
INFO: Create Line
Jun 09, 2017 12:54:24 AM javazoom.jlgui.basicplayer.BasicPlayer createLine
INFO: Create Line : Source format : MPEG1L3 44100.0 Hz, unknown bits per sample, stereo, unknown frame size, 38.28125 frames/second, 
Jun 09, 2017 12:54:24 AM javazoom.jlgui.basicplayer.BasicPlayer createLine
INFO: Create Line : Target format: PCM_SIGNED 44100.0 Hz, 16 bit, stereo, 4 bytes/frame, little-endian
Jun 09, 2017 12:54:24 AM javazoom.jlgui.basicplayer.BasicPlayer createLine
INFO: Line : com.sun.media.sound.DirectAudioDevice$DirectSDL@59bc29bc
Jun 09, 2017 12:54:24 AM javazoom.jlgui.basicplayer.BasicPlayer open
INFO: open(C:\Users\marti\Music\Coldplay_-_The_Scientist_RB-RcX5DS5A.mp3)
Jun 09, 2017 12:54:24 AM javazoom.jlgui.basicplayer.BasicPlayer createLine
INFO: Create Line
Jun 09, 2017 12:54:24 AM javazoom.jlgui.basicplayer.BasicPlayer createLine
INFO: Create Line : Source format : MPEG1L3 44100.0 Hz, unknown bits per sample, stereo, unknown frame size, 38.28125 frames/second, 
Jun 09, 2017 12:54:24 AM javazoom.jlgui.basicplayer.BasicPlayer createLine
INFO: Create Line : Target format: PCM_SIGNED 44100.0 Hz, 16 bit, stereo, 4 bytes/frame, little-endian
Jun 09, 2017 12:54:24 AM javazoom.jlgui.basicplayer.BasicPlayer createLine
INFO: Line : com.sun.media.sound.DirectAudioDevice$DirectSDL@6f2e29e
Jun 09, 2017 12:54:24 AM javazoom.jlgui.basicplayer.BasicPlayer open
INFO: open(C:\Users\marti\Music\Coldplay_-_The_Scientist_RB-RcX5DS5A.mp3)
Jun 09, 2017 12:54:24 AM javazoom.jlgui.basicplayer.BasicPlayer createLine
INFO: Create Line
Jun 09, 2017 12:54:24 AM javazoom.jlgui.basicplayer.BasicPlayer createLine
INFO: Create Line : Source format : MPEG1L3 44100.0 Hz, unknown bits per sample, stereo, unknown frame size, 38.28125 frames/second, 
Jun 09, 2017 12:54:24 AM javazoom.jlgui.basicplayer.BasicPlayer createLine
INFO: Create Line : Target format: PCM_SIGNED 44100.0 Hz, 16 bit, stereo, 4 bytes/frame, little-endian
Jun 09, 2017 12:54:24 AM javazoom.jlgui.basicplayer.BasicPlayer createLine
INFO: Line : com.sun.media.sound.DirectAudioDevice$DirectSDL@394e24cc
Jun 09, 2017 12:54:24 AM javazoom.jlgui.basicplayer.BasicPlayer open
INFO: open(C:\Users\marti\Music\Coldplay_-_The_Scientist_RB-RcX5DS5A.mp3)
Jun 09, 2017 12:54:24 AM javazoom.jlgui.basicplayer.BasicPlayer createLine
INFO: Create Line
Jun 09, 2017 12:54:24 AM javazoom.jlgui.basicplayer.BasicPlayer createLine
INFO: Create Line : Source format : MPEG1L3 44100.0 Hz, unknown bits per sample, stereo, unknown frame size, 38.28125 frames/second, 
Jun 09, 2017 12:54:24 AM javazoom.jlgui.basicplayer.BasicPlayer createLine
INFO: Create Line : Target format: PCM_SIGNED 44100.0 Hz, 16 bit, stereo, 4 bytes/frame, little-endian
Jun 09, 2017 12:54:24 AM javazoom.jlgui.basicplayer.BasicPlayer createLine
INFO: Line : com.sun.media.sound.DirectAudioDevice$DirectSDL@73388871
Jun 09, 2017 12:54:24 AM javazoom.jlgui.basicplayer.BasicPlayer open
INFO: open(C:\Users\marti\Music\Coldplay_-_The_Scientist_RB-RcX5DS5A.mp3)
Jun 09, 2017 12:54:24 AM javazoom.jlgui.basicplayer.BasicPlayer createLine
INFO: Create Line
Jun 09, 2017 12:54:24 AM javazoom.jlgui.basicplayer.BasicPlayer createLine
INFO: Create Line : Source format : MPEG1L3 44100.0 Hz, unknown bits per sample, stereo, unknown frame size, 38.28125 frames/second, 
Jun 09, 2017 12:54:24 AM javazoom.jlgui.basicplayer.BasicPlayer createLine
INFO: Create Line : Target format: PCM_SIGNED 44100.0 Hz, 16 bit, stereo, 4 bytes/frame, little-endian
Jun 09, 2017 12:54:24 AM javazoom.jlgui.basicplayer.BasicPlayer createLine
INFO: Line : com.sun.media.sound.DirectAudioDevice$DirectSDL@184320d6
]]></system-err>
</testsuite>
